[    42.903] (WW) Failed to open protocol names file lib/xorg/protocol.txt
[    42.904] 
X.Org X Server 1.20.7
X Protocol Version 11, Revision 0
[    42.904] Build Operating System: Linux Arch Linux
[    42.904] Current Operating System: Linux evan-laptop 5.5.5-arch1-1 #1 SMP PREEMPT Thu, 20 Feb 2020 18:23:09 +0000 x86_64
[    42.904] Kernel command line: initrd=\initramfs-linux.img root=PARTUUID=77103cc6-b939-0f45-b6d5-d747c4c548a4 rw mem_sleep_default=deep quiet splash 1915.modeset=1 nouveau.modeset=0 acpi_rev_override=1
[    42.904] Build Date: 14 January 2020  07:13:52AM
[    42.904]  
[    42.904] Current version of pixman: 0.38.4
[    42.904] 	Before reporting problems, check http://wiki.x.org
	to make sure that you have the latest version.
[    42.904] Markers: (--) probed, (**) from config file, (==) default setting,
	(++) from command line, (!!) notice, (II) informational,
	(WW) warning, (EE) error, (NI) not implemented, (??) unknown.
[    42.905] (==) Log file: "/home/evan/.local/share/xorg/Xorg.0.log", Time: Thu Feb 27 18:37:40 2020
[    42.910] (==) Using config directory: "/etc/X11/xorg.conf.d"
[    42.910] (==) Using system config directory "/usr/share/X11/xorg.conf.d"
[    42.911] (==) No Layout section.  Using the first Screen section.
[    42.911] (==) No screen section available. Using defaults.
[    42.911] (**) |-->Screen "Default Screen Section" (0)
[    42.911] (**) |   |-->Monitor "<default monitor>"
[    42.911] (==) No device specified for screen "Default Screen Section".
	Using the first device section listed.
[    42.911] (**) |   |-->Device "Intel Graphics"
[    42.911] (==) No monitor specified for screen "Default Screen Section".
	Using a default monitor configuration.
[    42.911] (==) Automatically adding devices
[    42.911] (==) Automatically enabling devices
[    42.911] (==) Automatically adding GPU devices
[    42.911] (==) Automatically binding GPU devices
[    42.911] (==) Max clients allowed: 256, resource mask: 0x1fffff
[    42.914] (WW) `fonts.dir' not found (or not valid) in "/usr/share/fonts/100dpi".
[    42.914] 	Entry deleted from font path.
[    42.914] 	(Run 'mkfontdir' on "/usr/share/fonts/100dpi").
[    42.914] (WW) `fonts.dir' not found (or not valid) in "/usr/share/fonts/75dpi".
[    42.915] 	Entry deleted from font path.
[    42.915] 	(Run 'mkfontdir' on "/usr/share/fonts/75dpi").
[    42.915] (==) FontPath set to:
	/usr/share/fonts/misc,
	/usr/share/fonts/TTF,
	/usr/share/fonts/OTF,
	/usr/share/fonts/Type1
[    42.915] (==) ModulePath set to "/usr/lib/xorg/modules"
[    42.915] (II) The server relies on udev to provide the list of input devices.
	If no devices become available, reconfigure udev or disable AutoAddDevices.
[    42.915] (II) Module ABI versions:
[    42.915] 	X.Org ANSI C Emulation: 0.4
[    42.915] 	X.Org Video Driver: 24.1
[    42.915] 	X.Org XInput driver : 24.1
[    42.915] 	X.Org Server Extension : 10.0
[    42.916] (++) using VT number 1

[    42.918] (II) systemd-logind: took control of session /org/freedesktop/login1/session/_31
[    42.918] (II) xfree86: Adding drm device (/dev/dri/card0)
[    42.919] (II) systemd-logind: got fd for /dev/dri/card0 226:0 fd 10 paused 0
[    42.921] (--) PCI:*(0@0:2:0) 8086:3e9b:1028:087c rev 0, Mem @ 0xeb000000/16777216, 0x80000000/268435456, I/O @ 0x00004000/64, BIOS @ 0x????????/131072
[    42.921] (WW) Open ACPI failed (/var/run/acpid.socket) (No such file or directory)
[    42.921] (II) LoadModule: "glx"
[    42.922] (II) Loading /usr/lib/xorg/modules/extensions/libglx.so
[    42.928] (II) Module glx: vendor="X.Org Foundation"
[    42.928] 	compiled for 1.20.7, module version = 1.0.0
[    42.928] 	ABI class: X.Org Server Extension, version 10.0
[    42.928] (II) LoadModule: "intel"
[    42.928] (II) Loading /usr/lib/xorg/modules/drivers/intel_drv.so
[    42.930] (II) Module intel: vendor="X.Org Foundation"
[    42.930] 	compiled for 1.20.6, module version = 2.99.917
[    42.930] 	Module class: X.Org Video Driver
[    42.930] 	ABI class: X.Org Video Driver, version 24.0
[    42.930] (II) intel: Driver for Intel(R) Integrated Graphics Chipsets:
	i810, i810-dc100, i810e, i815, i830M, 845G, 854, 852GM/855GM, 865G,
	915G, E7221 (i915), 915GM, 945G, 945GM, 945GME, Pineview GM,
	Pineview G, 965G, G35, 965Q, 946GZ, 965GM, 965GME/GLE, G33, Q35, Q33,
	GM45, 4 Series, G45/G43, Q45/Q43, G41, B43
[    42.930] (II) intel: Driver for Intel(R) HD Graphics
[    42.930] (II) intel: Driver for Intel(R) Iris(TM) Graphics
[    42.930] (II) intel: Driver for Intel(R) Iris(TM) Pro Graphics
[    42.930] xf86EnableIOPorts: failed to set IOPL for I/O (Operation not permitted)
[    42.930] (II) intel(0): Using Kernel Mode Setting driver: i915, version 1.6.0 20191101
[    42.930] (II) intel(0): SNA compiled from 2.99.917-899-gf66d3954
[    42.948] (WW) VGA arbiter: cannot open kernel arbiter, no multi-card support
[    42.948] (--) intel(0): Integrated Graphics Chipset: Intel(R) HD Graphics
[    42.948] (--) intel(0): CPU: x86-64, sse2, sse3, ssse3, sse4.1, sse4.2, avx, avx2; using a maximum of 4 threads
[    42.948] (II) intel(0): Creating default Display subsection in Screen section
	"Default Screen Section" for depth/fbbpp 24/32
[    42.948] (==) intel(0): Depth 24, (--) framebuffer bpp 32
[    42.948] (==) intel(0): RGB weight 888
[    42.948] (==) intel(0): Default visual is TrueColor
[    42.948] (**) intel(0): Option "Backlight" "intel_backlight"
[    42.949] (II) intel(0): Output eDP1 has no monitor section
[    42.949] (**) intel(0): Found backlight control interface intel_backlight (type 'raw') for output eDP1
[    42.949] (II) intel(0): Enabled output eDP1
[    42.949] (II) intel(0): Output DP1 has no monitor section
[    42.949] (II) intel(0): Enabled output DP1
[    42.949] (II) intel(0): Output DP2 has no monitor section
[    42.949] (II) intel(0): Enabled output DP2
[    42.949] (II) intel(0): Output DP3 has no monitor section
[    42.949] (II) intel(0): Enabled output DP3
[    42.950] (--) intel(0): Using a maximum size of 256x256 for hardware cursors
[    42.950] (II) intel(0): Output VIRTUAL1 has no monitor section
[    42.950] (II) intel(0): Enabled output VIRTUAL1
[    42.950] (--) intel(0): Output eDP1 using initial mode 1920x1080 on pipe 0
[    42.950] (==) intel(0): TearFree disabled
[    42.950] (==) intel(0): Using gamma correction (1.0, 1.0, 1.0)
[    42.950] (==) intel(0): DPI set to (96, 96)
[    42.950] (II) Loading sub module "dri3"
[    42.950] (II) LoadModule: "dri3"
[    42.950] (II) Module "dri3" already built-in
[    42.950] (II) Loading sub module "dri2"
[    42.950] (II) LoadModule: "dri2"
[    42.950] (II) Module "dri2" already built-in
[    42.950] (II) Loading sub module "present"
[    42.950] (II) LoadModule: "present"
[    42.950] (II) Module "present" already built-in
[    42.952] (II) intel(0): SNA initialized with Coffeelake (gen9) backend
[    42.952] (==) intel(0): Backing store enabled
[    42.952] (==) intel(0): Silken mouse disabled
[    42.952] (II) intel(0): HW Cursor enabled
[    42.952] (==) intel(0): DPMS enabled
[    42.952] (==) intel(0): Display hotplug detection enabled
[    42.953] (II) intel(0): [DRI2] Setup complete
[    42.953] (II) intel(0): [DRI2]   DRI driver: i965
[    42.953] (II) intel(0): [DRI2]   VDPAU driver: va_gl
[    42.953] (II) intel(0): direct rendering: DRI2 DRI3 enabled
[    42.953] (II) intel(0): hardware support for Present enabled
[    42.953] (II) Initializing extension Generic Event Extension
[    42.953] (II) Initializing extension SHAPE
[    42.953] (II) Initializing extension MIT-SHM
[    42.953] (II) Initializing extension XInputExtension
[    42.953] (II) Initializing extension XTEST
[    42.953] (II) Initializing extension BIG-REQUESTS
[    42.953] (II) Initializing extension SYNC
[    42.953] (II) Initializing extension XKEYBOARD
[    42.953] (II) Initializing extension XC-MISC
[    42.953] (II) Initializing extension SECURITY
[    42.953] (II) Initializing extension XFIXES
[    42.953] (II) Initializing extension RENDER
[    42.953] (II) Initializing extension RANDR
[    42.953] (II) Initializing extension COMPOSITE
[    42.953] (II) Initializing extension DAMAGE
[    42.953] (II) Initializing extension MIT-SCREEN-SAVER
[    42.953] (II) Initializing extension DOUBLE-BUFFER
[    42.953] (II) Initializing extension RECORD
[    42.953] (II) Initializing extension DPMS
[    42.954] (II) Initializing extension Present
[    42.954] (II) Initializing extension DRI3
[    42.954] (II) Initializing extension X-Resource
[    42.954] (II) Initializing extension XVideo
[    42.954] (II) Initializing extension XVideo-MotionCompensation
[    42.954] (II) Initializing extension GLX
[    42.973] (II) AIGLX: Loaded and initialized i965
[    42.973] (II) GLX: Initialized DRI2 GL provider for screen 0
[    42.973] (II) Initializing extension XFree86-VidModeExtension
[    42.973] (II) Initializing extension XFree86-DGA
[    42.973] (II) Initializing extension XFree86-DRI
[    42.973] (II) Initializing extension DRI2
[    42.975] (II) intel(0): switch to mode 1920x1080@60.0 on eDP1 using pipe 0, position (0, 0), rotation normal, reflection none
[    42.985] (II) intel(0): Setting screen physical size to 508 x 285
[    43.036] (II) config/udev: Adding input device Power Button (/dev/input/event3)
[    43.036] (**) Power Button: Applying InputClass "libinput keyboard catchall"
[    43.036] (II) LoadModule: "libinput"
[    43.036] (II) Loading /usr/lib/xorg/modules/input/libinput_drv.so
[    43.039] (II) Module libinput: vendor="X.Org Foundation"
[    43.039] 	compiled for 1.20.5, module version = 0.29.0
[    43.039] 	Module class: X.Org XInput Driver
[    43.039] 	ABI class: X.Org XInput driver, version 24.1
[    43.039] (II) Using input driver 'libinput' for 'Power Button'
[    43.040] (II) systemd-logind: got fd for /dev/input/event3 13:67 fd 15 paused 0
[    43.040] (**) Power Button: always reports core events
[    43.040] (**) Option "Device" "/dev/input/event3"
[    43.040] (**) Option "_source" "server/udev"
[    43.046] (II) event3  - Power Button: is tagged by udev as: Keyboard
[    43.046] (II) event3  - Power Button: device is a keyboard
[    43.046] (II) event3  - Power Button: device removed
[    43.046] (**) Option "config_info" "udev:/sys/devices/LNXSYSTM:00/LNXPWRBN:00/input/input3/event3"
[    43.046] (II) XINPUT: Adding extended input device "Power Button" (type: KEYBOARD, id 6)
[    43.047] (II) event3  - Power Button: is tagged by udev as: Keyboard
[    43.047] (II) event3  - Power Button: device is a keyboard
[    43.047] (II) config/udev: Adding input device Video Bus (/dev/input/event10)
[    43.047] (**) Video Bus: Applying InputClass "libinput keyboard catchall"
[    43.047] (II) Using input driver 'libinput' for 'Video Bus'
[    43.048] (II) systemd-logind: got fd for /dev/input/event10 13:74 fd 18 paused 0
[    43.048] (**) Video Bus: always reports core events
[    43.048] (**) Option "Device" "/dev/input/event10"
[    43.048] (**) Option "_source" "server/udev"
[    43.049] (II) event10 - Video Bus: is tagged by udev as: Keyboard
[    43.049] (II) event10 - Video Bus: device is a keyboard
[    43.049] (II) event10 - Video Bus: device removed
[    43.049] (**) Option "config_info" "udev:/sys/devices/LNXSYSTM:00/LNXSYBUS:00/PNP0A08:00/LNXVIDEO:00/input/input12/event10"
[    43.049] (II) XINPUT: Adding extended input device "Video Bus" (type: KEYBOARD, id 7)
[    43.050] (II) event10 - Video Bus: is tagged by udev as: Keyboard
[    43.050] (II) event10 - Video Bus: device is a keyboard
[    43.050] (II) config/udev: Adding input device Power Button (/dev/input/event1)
[    43.050] (**) Power Button: Applying InputClass "libinput keyboard catchall"
[    43.050] (II) Using input driver 'libinput' for 'Power Button'
[    43.051] (II) systemd-logind: got fd for /dev/input/event1 13:65 fd 19 paused 0
[    43.051] (**) Power Button: always reports core events
[    43.051] (**) Option "Device" "/dev/input/event1"
[    43.051] (**) Option "_source" "server/udev"
[    43.051] (II) event1  - Power Button: is tagged by udev as: Keyboard
[    43.051] (II) event1  - Power Button: device is a keyboard
[    43.051] (II) event1  - Power Button: device removed
[    43.052] (**) Option "config_info" "udev:/sys/devices/LNXSYSTM:00/LNXSYBUS:00/PNP0C0C:00/input/input1/event1"
[    43.052] (II) XINPUT: Adding extended input device "Power Button" (type: KEYBOARD, id 8)
[    43.052] (II) event1  - Power Button: is tagged by udev as: Keyboard
[    43.052] (II) event1  - Power Button: device is a keyboard
[    43.052] (II) config/udev: Adding input device Lid Switch (/dev/input/event0)
[    43.052] (II) No input driver specified, ignoring this device.
[    43.052] (II) This device may have been added with another device file.
[    43.053] (II) config/udev: Adding input device Sleep Button (/dev/input/event2)
[    43.053] (**) Sleep Button: Applying InputClass "libinput keyboard catchall"
[    43.053] (II) Using input driver 'libinput' for 'Sleep Button'
[    43.053] (II) systemd-logind: got fd for /dev/input/event2 13:66 fd 20 paused 0
[    43.053] (**) Sleep Button: always reports core events
[    43.053] (**) Option "Device" "/dev/input/event2"
[    43.053] (**) Option "_source" "server/udev"
[    43.054] (II) event2  - Sleep Button: is tagged by udev as: Keyboard
[    43.054] (II) event2  - Sleep Button: device is a keyboard
[    43.054] (II) event2  - Sleep Button: device removed
[    43.054] (**) Option "config_info" "udev:/sys/devices/LNXSYSTM:00/LNXSYBUS:00/PNP0C0E:00/input/input2/event2"
[    43.054] (II) XINPUT: Adding extended input device "Sleep Button" (type: KEYBOARD, id 9)
[    43.055] (II) event2  - Sleep Button: is tagged by udev as: Keyboard
[    43.055] (II) event2  - Sleep Button: device is a keyboard
[    43.055] (II) config/udev: Adding input device Integrated_Webcam_HD: Integrate (/dev/input/event11)
[    43.055] (**) Integrated_Webcam_HD: Integrate: Applying InputClass "libinput keyboard catchall"
[    43.055] (II) Using input driver 'libinput' for 'Integrated_Webcam_HD: Integrate'
[    43.056] (II) systemd-logind: got fd for /dev/input/event11 13:75 fd 21 paused 0
[    43.056] (**) Integrated_Webcam_HD: Integrate: always reports core events
[    43.056] (**) Option "Device" "/dev/input/event11"
[    43.056] (**) Option "_source" "server/udev"
[    43.057] (II) event11 - Integrated_Webcam_HD: Integrate: is tagged by udev as: Keyboard
[    43.057] (II) event11 - Integrated_Webcam_HD: Integrate: device is a keyboard
[    43.057] (II) event11 - Integrated_Webcam_HD: Integrate: device removed
[    43.057] (**) Option "config_info" "udev:/sys/devices/pci0000:00/0000:00:14.0/usb1/1-12/1-12:1.0/input/input16/event11"
[    43.057] (II) XINPUT: Adding extended input device "Integrated_Webcam_HD: Integrate" (type: KEYBOARD, id 10)
[    43.058] (II) event11 - Integrated_Webcam_HD: Integrate: is tagged by udev as: Keyboard
[    43.058] (II) event11 - Integrated_Webcam_HD: Integrate: device is a keyboard
[    43.058] (II) config/udev: Adding input device SYNA2393:00 06CB:7A13 Mouse (/dev/input/event8)
[    43.058] (**) SYNA2393:00 06CB:7A13 Mouse: Applying InputClass "libinput pointer catchall"
[    43.058] (II) Using input driver 'libinput' for 'SYNA2393:00 06CB:7A13 Mouse'
[    43.059] (II) systemd-logind: got fd for /dev/input/event8 13:72 fd 22 paused 0
[    43.059] (**) SYNA2393:00 06CB:7A13 Mouse: always reports core events
[    43.059] (**) Option "Device" "/dev/input/event8"
[    43.059] (**) Option "_source" "server/udev"
[    43.060] (II) event8  - SYNA2393:00 06CB:7A13 Mouse: is tagged by udev as: Mouse
[    43.060] (II) event8  - SYNA2393:00 06CB:7A13 Mouse: device is a pointer
[    43.060] (II) event8  - SYNA2393:00 06CB:7A13 Mouse: device removed
[    43.060] (**) Option "config_info" "udev:/sys/devices/pci0000:00/0000:00:15.1/i2c_designware.1/i2c-2/i2c-SYNA2393:00/0018:06CB:7A13.0001/input/input13/event8"
[    43.060] (II) XINPUT: Adding extended input device "SYNA2393:00 06CB:7A13 Mouse" (type: MOUSE, id 11)
[    43.060] (**) Option "AccelerationScheme" "none"
[    43.060] (**) SYNA2393:00 06CB:7A13 Mouse: (accel) selected scheme none/0
[    43.060] (**) SYNA2393:00 06CB:7A13 Mouse: (accel) acceleration factor: 2.000
[    43.060] (**) SYNA2393:00 06CB:7A13 Mouse: (accel) acceleration threshold: 4
[    43.061] (II) event8  - SYNA2393:00 06CB:7A13 Mouse: is tagged by udev as: Mouse
[    43.061] (II) event8  - SYNA2393:00 06CB:7A13 Mouse: device is a pointer
[    43.062] (II) config/udev: Adding input device SYNA2393:00 06CB:7A13 Mouse (/dev/input/mouse0)
[    43.062] (II) No input driver specified, ignoring this device.
[    43.062] (II) This device may have been added with another device file.
[    43.062] (II) config/udev: Adding input device SYNA2393:00 06CB:7A13 Touchpad (/dev/input/event9)
[    43.062] (**) SYNA2393:00 06CB:7A13 Touchpad: Applying InputClass "libinput touchpad catchall"
[    43.062] (II) Using input driver 'libinput' for 'SYNA2393:00 06CB:7A13 Touchpad'
[    43.063] (II) systemd-logind: got fd for /dev/input/event9 13:73 fd 23 paused 0
[    43.063] (**) SYNA2393:00 06CB:7A13 Touchpad: always reports core events
[    43.063] (**) Option "Device" "/dev/input/event9"
[    43.063] (**) Option "_source" "server/udev"
[    43.064] (II) event9  - SYNA2393:00 06CB:7A13 Touchpad: is tagged by udev as: Touchpad
[    43.064] (II) event9  - SYNA2393:00 06CB:7A13 Touchpad: device is a touchpad
[    43.064] (II) event9  - SYNA2393:00 06CB:7A13 Touchpad: device removed
[    43.065] (**) Option "config_info" "udev:/sys/devices/pci0000:00/0000:00:15.1/i2c_designware.1/i2c-2/i2c-SYNA2393:00/0018:06CB:7A13.0001/input/input14/event9"
[    43.065] (II) XINPUT: Adding extended input device "SYNA2393:00 06CB:7A13 Touchpad" (type: TOUCHPAD, id 12)
[    43.065] (**) Option "AccelerationScheme" "none"
[    43.065] (**) SYNA2393:00 06CB:7A13 Touchpad: (accel) selected scheme none/0
[    43.065] (**) SYNA2393:00 06CB:7A13 Touchpad: (accel) acceleration factor: 2.000
[    43.065] (**) SYNA2393:00 06CB:7A13 Touchpad: (accel) acceleration threshold: 4
[    43.066] (II) event9  - SYNA2393:00 06CB:7A13 Touchpad: is tagged by udev as: Touchpad
[    43.067] (II) event9  - SYNA2393:00 06CB:7A13 Touchpad: device is a touchpad
[    43.067] (II) config/udev: Adding input device SYNA2393:00 06CB:7A13 Touchpad (/dev/input/mouse1)
[    43.067] (II) No input driver specified, ignoring this device.
[    43.067] (II) This device may have been added with another device file.
[    43.068] (II) config/udev: Adding input device HDA Intel PCH Headphone Mic (/dev/input/event12)
[    43.068] (II) No input driver specified, ignoring this device.
[    43.068] (II) This device may have been added with another device file.
[    43.068] (II) config/udev: Adding input device HDA Intel PCH HDMI/DP,pcm=3 (/dev/input/event13)
[    43.068] (II) No input driver specified, ignoring this device.
[    43.068] (II) This device may have been added with another device file.
[    43.068] (II) config/udev: Adding input device HDA Intel PCH HDMI/DP,pcm=7 (/dev/input/event14)
[    43.068] (II) No input driver specified, ignoring this device.
[    43.068] (II) This device may have been added with another device file.
[    43.068] (II) config/udev: Adding input device HDA Intel PCH HDMI/DP,pcm=8 (/dev/input/event15)
[    43.068] (II) No input driver specified, ignoring this device.
[    43.068] (II) This device may have been added with another device file.
[    43.068] (II) config/udev: Adding input device HDA Intel PCH HDMI/DP,pcm=9 (/dev/input/event16)
[    43.068] (II) No input driver specified, ignoring this device.
[    43.068] (II) This device may have been added with another device file.
[    43.069] (II) config/udev: Adding input device HDA Intel PCH HDMI/DP,pcm=10 (/dev/input/event17)
[    43.069] (II) No input driver specified, ignoring this device.
[    43.069] (II) This device may have been added with another device file.
[    43.069] (II) config/udev: Adding input device Intel HID events (/dev/input/event5)
[    43.069] (**) Intel HID events: Applying InputClass "libinput keyboard catchall"
[    43.069] (II) Using input driver 'libinput' for 'Intel HID events'
[    43.070] (II) systemd-logind: got fd for /dev/input/event5 13:69 fd 24 paused 0
[    43.070] (**) Intel HID events: always reports core events
[    43.070] (**) Option "Device" "/dev/input/event5"
[    43.070] (**) Option "_source" "server/udev"
[    43.070] (II) event5  - Intel HID events: is tagged by udev as: Keyboard
[    43.070] (II) event5  - Intel HID events: device is a keyboard
[    43.070] (II) event5  - Intel HID events: device removed
[    43.070] (**) Option "config_info" "udev:/sys/devices/platform/INT33D5:00/input/input6/event5"
[    43.070] (II) XINPUT: Adding extended input device "Intel HID events" (type: KEYBOARD, id 13)
[    43.071] (II) event5  - Intel HID events: is tagged by udev as: Keyboard
[    43.071] (II) event5  - Intel HID events: device is a keyboard
[    43.071] (II) config/udev: Adding input device Intel HID 5 button array (/dev/input/event6)
[    43.071] (**) Intel HID 5 button array: Applying InputClass "libinput keyboard catchall"
[    43.071] (II) Using input driver 'libinput' for 'Intel HID 5 button array'
[    43.072] (II) systemd-logind: got fd for /dev/input/event6 13:70 fd 25 paused 0
[    43.072] (**) Intel HID 5 button array: always reports core events
[    43.072] (**) Option "Device" "/dev/input/event6"
[    43.072] (**) Option "_source" "server/udev"
[    43.072] (II) event6  - Intel HID 5 button array: is tagged by udev as: Keyboard
[    43.072] (II) event6  - Intel HID 5 button array: device is a keyboard
[    43.073] (II) event6  - Intel HID 5 button array: device removed
[    43.073] (**) Option "config_info" "udev:/sys/devices/platform/INT33D5:00/input/input7/event6"
[    43.073] (II) XINPUT: Adding extended input device "Intel HID 5 button array" (type: KEYBOARD, id 14)
[    43.073] (II) event6  - Intel HID 5 button array: is tagged by udev as: Keyboard
[    43.073] (II) event6  - Intel HID 5 button array: device is a keyboard
[    43.074] (II) config/udev: Adding input device Dell WMI hotkeys (/dev/input/event7)
[    43.074] (**) Dell WMI hotkeys: Applying InputClass "libinput keyboard catchall"
[    43.074] (II) Using input driver 'libinput' for 'Dell WMI hotkeys'
[    43.074] (II) systemd-logind: got fd for /dev/input/event7 13:71 fd 26 paused 0
[    43.074] (**) Dell WMI hotkeys: always reports core events
[    43.074] (**) Option "Device" "/dev/input/event7"
[    43.074] (**) Option "_source" "server/udev"
[    43.075] (II) event7  - Dell WMI hotkeys: is tagged by udev as: Keyboard
[    43.075] (II) event7  - Dell WMI hotkeys: device is a keyboard
[    43.075] (II) event7  - Dell WMI hotkeys: device removed
[    43.075] (**) Option "config_info" "udev:/sys/devices/platform/PNP0C14:05/wmi_bus/wmi_bus-PNP0C14:05/9DBB5994-A997-11DA-B012-B622A1EF5492/input/input8/event7"
[    43.075] (II) XINPUT: Adding extended input device "Dell WMI hotkeys" (type: KEYBOARD, id 15)
[    43.076] (II) event7  - Dell WMI hotkeys: is tagged by udev as: Keyboard
[    43.076] (II) event7  - Dell WMI hotkeys: device is a keyboard
[    43.077] (II) config/udev: Adding input device AT Translated Set 2 keyboard (/dev/input/event4)
[    43.077] (**) AT Translated Set 2 keyboard: Applying InputClass "libinput keyboard catchall"
[    43.077] (II) Using input driver 'libinput' for 'AT Translated Set 2 keyboard'
[    43.077] (II) systemd-logind: got fd for /dev/input/event4 13:68 fd 27 paused 0
[    43.077] (**) AT Translated Set 2 keyboard: always reports core events
[    43.078] (**) Option "Device" "/dev/input/event4"
[    43.078] (**) Option "_source" "server/udev"
[    43.078] (II) event4  - AT Translated Set 2 keyboard: is tagged by udev as: Keyboard
[    43.078] (II) event4  - AT Translated Set 2 keyboard: device is a keyboard
[    43.078] (II) event4  - AT Translated Set 2 keyboard: device removed
[    43.079] (**) Option "config_info" "udev:/sys/devices/platform/i8042/serio0/input/input4/event4"
[    43.079] (II) XINPUT: Adding extended input device "AT Translated Set 2 keyboard" (type: KEYBOARD, id 16)
[    43.079] (II) event4  - AT Translated Set 2 keyboard: is tagged by udev as: Keyboard
[    43.079] (II) event4  - AT Translated Set 2 keyboard: device is a keyboard
[    43.202] (II) intel(0): EDID vendor "SHP", prod id 5274
[    43.202] (II) intel(0): Printing DDC gathered Modelines:
[    43.202] (II) intel(0): Modeline "1920x1080"x0.0  142.52  1920 1968 2000 2080  1080 1083 1088 1142 -hsync -vsync (68.5 kHz eP)
[  3504.410] (EE) event9  - SYNA2393:00 06CB:7A13 Touchpad: kernel bug: Touch jump detected and discarded.
See https://wayland.freedesktop.org/libinput/doc/1.15.2/touchpad-jumping-cursors.html for details
[  4489.886] (EE) event9  - SYNA2393:00 06CB:7A13 Touchpad: kernel bug: Touch jump detected and discarded.
See https://wayland.freedesktop.org/libinput/doc/1.15.2/touchpad-jumping-cursors.html for details
